#
# There is insufficient memory for the Java Runtime Environment to continue.
# Native memory allocation (malloc) failed to allocate 1048576 bytes for AllocateHeap
# Possible reasons:
#   The system is out of physical RAM or swap space
#   The process is running with CompressedOops enabled, and the Java Heap may be blocking the growth of the native heap
# Possible solutions:
#   Reduce memory load on the system
#   Increase physical memory or swap space
#   Check if swap backing store is full
#   Decrease Java heap size (-Xmx/-Xms)
#   Decrease number of Java threads
#   Decrease Java thread stack sizes (-Xss)
#   Set larger code cache with -XX:ReservedCodeCacheSize=
#   JVM is running with Zero Based Compressed Oops mode in which the Java heap is
#     placed in the first 32GB address space. The Java Heap base address is the
#     maximum limit for the native heap growth. Please use -XX:HeapBaseMinAddress
#     to set the Java Heap base and to place the Java Heap above 32GB virtual address.
# This output file may be truncated or incomplete.
#
#  Out of Memory Error (memory/allocation.inline.hpp:61), pid=20348, tid=0x0000000000003cd0
#
# JRE version:  (8.0_201-b09) (build )
# Java VM: Java HotSpot(TM) 64-Bit Server VM (25.201-b09 mixed mode windows-amd64 compressed oops)
# Failed to write core dump. Minidumps are not enabled by default on client versions of Windows
#

---------------  T H R E A D  ---------------

Current thread (0x0000000002e13000):  JavaThread "Unknown thread" [_thread_in_vm, id=15568, stack(0x0000000002a30000,0x0000000002b30000)]

Stack: [0x0000000002a30000,0x0000000002b30000]
[error occurred during error reporting (printing stack bounds), id 0xc0000005]

Native frames: (J=compiled Java code, j=interpreted, Vv=VM code, C=native code)


---------------  P R O C E S S  ---------------

Java Threads: ( => current thread )

Other Threads:

=>0x0000000002e13000 (exited) JavaThread "Unknown thread" [_thread_in_vm, id=15568, stack(0x0000000002a30000,0x0000000002b30000)]

VM state:not at safepoint (normal execution)

VM Mutex/Monitor currently owned by a thread: None

heap address: 0x0000000642a00000, size: 6102 MB, Compressed Oops mode: Zero based, Oop shift amount: 3
Narrow klass base: 0x0000000000000000, Narrow klass shift: 3
Compressed class space size: 1073741824 Address: 0x00000007c0000000

Heap:
 PSYoungGen      total 114176K, used 1966K [0x0000000740e00000, 0x0000000748d00000, 0x00000007c0000000)
  eden space 98304K, 2% used [0x0000000740e00000,0x0000000740feb860,0x0000000746e00000)
  from space 15872K, 0% used [0x0000000747d80000,0x0000000747d80000,0x0000000748d00000)
  to   space 15872K, 0% used [0x0000000746e00000,0x0000000746e00000,0x0000000747d80000)
 ParOldGen       total 261120K, used 0K [0x0000000642a00000, 0x0000000652900000, 0x0000000740e00000)
  object space 261120K, 0% used [0x0000000642a00000,0x0000000642a00000,0x0000000652900000)
 Metaspace       used 775K, capacity 4480K, committed 4480K, reserved 1056768K
  class space    used 76K, capacity 384K, committed 384K, reserved 1048576K

Card table byte_map: [0x00000000122d0000,0x0000000012ec0000] byte_map_base: 0x000000000f0bb000

Marking Bits: (ParMarkBitMap*) 0x000000006b0a4ce0
 Begin Bits: [0x00000000140c0000, 0x000000001a018000)
 End Bits:   [0x000000001a018000, 0x000000001ff70000)

Polling page: 0x00000000007f0000

CodeCache: size=245760Kb used=328Kb max_used=328Kb free=245431Kb
 bounds [0x0000000002f10000, 0x0000000003180000, 0x0000000011f10000]
 total_blobs=58 nmethods=0 adapters=38
 compilation: enabled

Compilation events (0 events):
No events

GC Heap History (0 events):
No events

Deoptimization events (0 events):
No events

Classes redefined (0 events):
No events

Internal exceptions (0 events):
No events

Events (10 events):
Event: 0.022 loading class java/lang/Short
Event: 0.022 loading class java/lang/Short done
Event: 0.023 loading class java/lang/Integer
Event: 0.023 loading class java/lang/Integer done
Event: 0.023 loading class java/lang/Long
Event: 0.023 loading class java/lang/Long done
Event: 0.023 loading class java/lang/NullPointerException
Event: 0.023 loading class java/lang/NullPointerException done
Event: 0.023 loading class java/lang/ArithmeticException
Event: 0.023 loading class java/lang/ArithmeticException done


Dynamic libraries:
0x00007ff7b5c40000 - 0x00007ff7b5c77000 	C:\Program Files\Java\jdk1.8.0_201\bin\java.exe
0x00007ffb49b90000 - 0x00007ffb49d86000 	C:\Windows\SYSTEM32\ntdll.dll
0x00007ffb48800000 - 0x00007ffb488bd000 	C:\Windows\System32\KERNEL32.DLL
0x00007ffb47720000 - 0x00007ffb479e8000 	C:\Windows\System32\KERNELBASE.dll
0x00007ffb49980000 - 0x00007ffb49a2a000 	C:\Windows\System32\ADVAPI32.dll
0x00007ffb49040000 - 0x00007ffb490de000 	C:\Windows\System32\msvcrt.dll
0x00007ffb48620000 - 0x00007ffb486bb000 	C:\Windows\System32\sechost.dll
0x00007ffb49450000 - 0x00007ffb49574000 	C:\Windows\System32\RPCRT4.dll
0x00007ffb47ce0000 - 0x00007ffb47e80000 	C:\Windows\System32\USER32.dll
0x00007ffb47bd0000 - 0x00007ffb47bf2000 	C:\Windows\System32\win32u.dll
0x00007ffb498e0000 - 0x00007ffb4990a000 	C:\Windows\System32\GDI32.dll
0x00007ffb472e0000 - 0x00007ffb473e9000 	C:\Windows\System32\gdi32full.dll
0x00007ffb47680000 - 0x00007ffb4771d000 	C:\Windows\System32\msvcp_win.dll
0x00007ffb47420000 - 0x00007ffb47520000 	C:\Windows\System32\ucrtbase.dll
0x00007ffb32fc0000 - 0x00007ffb3325b000 	C:\Windows\WinSxS\amd64_microsoft.windows.common-controls_6595b64144ccf1df_6.0.19041.488_none_ca04af081b815d21\COMCTL32.dll
0x00007ffb49420000 - 0x00007ffb49450000 	C:\Windows\System32\IMM32.DLL
0x000000006b130000 - 0x000000006b201000 	C:\Program Files\Java\jdk1.8.0_201\jre\bin\msvcr100.dll
0x000000006a880000 - 0x000000006b124000 	C:\Program Files\Java\jdk1.8.0_201\jre\bin\server\jvm.dll
0x00007ffb49410000 - 0x00007ffb49418000 	C:\Windows\System32\PSAPI.DLL
0x00007ffb33930000 - 0x00007ffb33957000 	C:\Windows\SYSTEM32\WINMM.dll
0x00007ffb3f360000 - 0x00007ffb3f36a000 	C:\Windows\SYSTEM32\VERSION.dll
0x00007ffb32360000 - 0x00007ffb32369000 	C:\Windows\SYSTEM32\WSOCK32.dll
0x00007ffb490e0000 - 0x00007ffb4914b000 	C:\Windows\System32\WS2_32.dll
0x00007ffb42eb0000 - 0x00007ffb42ebf000 	C:\Program Files\Java\jdk1.8.0_201\jre\bin\verify.dll
0x00007ffb3ecc0000 - 0x00007ffb3ece9000 	C:\Program Files\Java\jdk1.8.0_201\jre\bin\java.dll
0x00007ffb3e680000 - 0x00007ffb3e6a3000 	C:\Program Files\Java\jdk1.8.0_201\jre\bin\instrument.dll
0x00007ffb408e0000 - 0x00007ffb408f6000 	C:\Program Files\Java\jdk1.8.0_201\jre\bin\zip.dll

VM Arguments:
jvm_args: -javaagent:C:\Program Files\JetBrains\IntelliJ IDEA 2020.1\lib\idea_rt.jar=63472:C:\Program Files\JetBrains\IntelliJ IDEA 2020.1\bin -Dfile.encoding=UTF-8 
java_command: app
java_class_path (initial): C:\Program Files\Java\jdk1.8.0_201\jre\lib\charsets.jar;C:\Program Files\Java\jdk1.8.0_201\jre\lib\deploy.jar;C:\Program Files\Java\jdk1.8.0_201\jre\lib\ext\access-bridge-64.jar;C:\Program Files\Java\jdk1.8.0_201\jre\lib\ext\cldrdata.jar;C:\Program Files\Java\jdk1.8.0_201\jre\lib\ext\dnsns.jar;C:\Program Files\Java\jdk1.8.0_201\jre\lib\ext\jaccess.jar;C:\Program Files\Java\jdk1.8.0_201\jre\lib\ext\jfxrt.jar;C:\Program Files\Java\jdk1.8.0_201\jre\lib\ext\localedata.jar;C:\Program Files\Java\jdk1.8.0_201\jre\lib\ext\nashorn.jar;C:\Program Files\Java\jdk1.8.0_201\jre\lib\ext\sunec.jar;C:\Program Files\Java\jdk1.8.0_201\jre\lib\ext\sunjce_provider.jar;C:\Program Files\Java\jdk1.8.0_201\jre\lib\ext\sunmscapi.jar;C:\Program Files\Java\jdk1.8.0_201\jre\lib\ext\sunpkcs11.jar;C:\Program Files\Java\jdk1.8.0_201\jre\lib\ext\zipfs.jar;C:\Program Files\Java\jdk1.8.0_201\jre\lib\javaws.jar;C:\Program Files\Java\jdk1.8.0_201\jre\lib\jce.jar;C:\Program Files\Java\jdk1.8.0_201\jre\lib\jfr.jar;C:\Program Files\Java\jdk1.8.0_201\jre\lib\jfxswt.jar;C:\Program Files\Java\jdk1.8.0_201\jre\lib\jsse.jar;C:\Program Files\Java\jdk1.8.0_201\jre\lib\management-agent.jar;C:\Program Files\Java\jdk1.8.0_201\jre\lib\plugin.jar;C:\Program Files\Java\jdk1.8.0_201\jre\lib\resources.jar;C:\Program Files\Java\jdk1.8.0_201\jre\lib\rt.jar;C:\Users\Gerombo\Desktop\lab_01\out\production\lab_01;C:\Program Files\JetBrains\IntelliJ IDEA 2020.1\lib\idea_rt.jar
Launcher Type: SUN_STANDARD

Environment Variables:
PATH=C:\Program Files (x86)\Common Files\Oracle\Java\javapath;C:\Windows\system32;C:\Windows;C:\Windows\System32\Wbem;C:\Windows\System32\WindowsPowerShell\v1.0\;C:\Windows\System32\OpenSSH\;C:\Program Files (x86)\ATI Technologies\ATI.ACE\Core-Static;C:\Program Files\Intel\WiFi\bin\;C:\Program Files\Common Files\Intel\WirelessCommon\;C:\Program Files (x86)\NVIDIA Corporation\PhysX\Common;C:\Program Files\Microsoft VS Code\bin;C:\Program Files (x86)\Bitvise SSH Client;C:\Program Files\PuTTY\;C:\Users\Gerombo\AppData\Local\Microsoft\WindowsApps
USERNAME=Gerombo
OS=Windows_NT
PROCESSOR_IDENTIFIER=Intel64 Family 6 Model 158 Stepping 10, GenuineIntel



---------------  S Y S T E M  ---------------

OS: Windows 10.0 , 64 bit Build 19041 (10.0.19041.546)

CPU:total 12 (initial active 12) (6 cores per cpu, 2 threads per core) family 6 model 158 stepping 10, cmov, cx8, fxsr, mmx, sse, sse2, sse3, ssse3, sse4.1, sse4.2, popcnt, avx, avx2, aes, clmul, erms, 3dnowpref, lzcnt, ht, tsc, tscinvbit, bmi1, bmi2, adx

Memory: 4k page, physical 24992972k(10725888k free), swap 33381580k(5964k free)

vm_info: Java HotSpot(TM) 64-Bit Server VM (25.201-b09) for windows-amd64 JRE (1.8.0_201-b09), built on Dec 15 2018 18:36:39 by "java_re" with MS VC++ 10.0 (VS2010)

time: Fri Nov 06 01:57:40 2020
timezone: RTZ 2 (зима)
elapsed time: 0 seconds (0d 0h 0m 0s)

